[2025-03-12 08:10:37,971] - INFO - Creating the directory '.github\workflows' for file : '.gitkeep'
[2025-03-12 08:10:37,971] - INFO - Creating empty file: '.github\workflows\.gitkeep'
[2025-03-12 08:10:37,971] - INFO - Creating the directory 'src\pilotproject' for file : '__init__.py'
[2025-03-12 08:10:37,972] - INFO - Creating empty file: 'src\pilotproject\__init__.py'
[2025-03-12 08:10:37,972] - INFO - Creating the directory 'src\pilotproject\components' for file : '__init__.py'
[2025-03-12 08:10:37,972] - INFO - Creating empty file: 'src\pilotproject\components\__init__.py'
[2025-03-12 08:10:37,972] - INFO - Creating the directory 'src\pilotproject\utils' for file : '__init__.py'
[2025-03-12 08:10:37,973] - INFO - Creating empty file: 'src\pilotproject\utils\__init__.py'
[2025-03-12 08:10:37,973] - INFO - Creating the directory 'src\pilotproject\utils' for file : 'common.py'
[2025-03-12 08:10:37,973] - INFO - Creating empty file: 'src\pilotproject\utils\common.py'
[2025-03-12 08:10:37,974] - INFO - Creating the directory 'src\pilotproject\config' for file : '__init__.py'
[2025-03-12 08:10:37,974] - INFO - Creating empty file: 'src\pilotproject\config\__init__.py'
[2025-03-12 08:10:37,974] - INFO - Creating the directory 'src\pilotproject\config' for file : 'configuration.py'
[2025-03-12 08:10:37,974] - INFO - Creating empty file: 'src\pilotproject\config\configuration.py'
[2025-03-12 08:10:37,975] - INFO - Creating the directory 'src\pilotproject\pipeline' for file : '__init__.py'
[2025-03-12 08:10:37,975] - INFO - Creating empty file: 'src\pilotproject\pipeline\__init__.py'
[2025-03-12 08:10:37,975] - INFO - Creating the directory 'src\pilotproject\entity' for file : '__init__.py'
[2025-03-12 08:10:37,976] - INFO - Creating empty file: 'src\pilotproject\entity\__init__.py'
[2025-03-12 08:10:37,976] - INFO - Creating the directory 'src\pilotproject\entity' for file : 'config_entity.py'
[2025-03-12 08:10:37,976] - INFO - Creating empty file: 'src\pilotproject\entity\config_entity.py'
[2025-03-12 08:10:37,976] - INFO - Creating the directory 'src\pilotproject\constants' for file : '__init__.py'
[2025-03-12 08:10:37,977] - INFO - Creating empty file: 'src\pilotproject\constants\__init__.py'
[2025-03-12 08:10:37,977] - INFO - Creating the directory 'config' for file : 'config.yaml'
[2025-03-12 08:10:37,978] - INFO - Creating empty file: 'config\config.yaml'
[2025-03-12 08:10:37,978] - INFO - Creating empty file: 'params.yaml'
[2025-03-12 08:10:37,978] - INFO - Creating empty file: 'schema.yaml'
[2025-03-12 08:10:37,979] - INFO - Creating empty file: 'main.py'
[2025-03-12 08:10:37,979] - INFO - Creating empty file: 'Dockerfile'
[2025-03-12 08:10:37,980] - INFO - Creating empty file: 'setup.py'
[2025-03-12 08:10:37,980] - INFO - Creating the directory 'research' for file : 'research.ipynb'
[2025-03-12 08:10:37,981] - INFO - Creating empty file: 'research\research.ipynb'
[2025-03-12 08:10:37,981] - INFO - Creating the directory 'templates' for file : 'index.html'
[2025-03-12 08:10:37,982] - INFO - Creating empty file: 'templates\index.html'
[2025-03-12 08:10:37,982] - INFO - Creating empty file: 'app.py'
